<?xml version="1.0" encoding="UTF-8"?>
<!-- Generated by org.testng.reporters.JUnitReportReporter -->
<testsuite hostname="DAIC-NIC" failures="0" tests="1" name="com.pmagy.base.TestBase" time="3.959" errors="0" timestamp="2023-08-23T17:12:42 IST" skipped="0">
  <testcase classname="com.pmagy.base.TestBase" name="Test" time="3.959"/>
</testsuite> <!-- com.pmagy.base.TestBase -->
