<?xml version="1.0" encoding="UTF-8"?>
<!-- Generated by org.testng.reporters.JUnitReportReporter -->
<testsuite hostname="DAIC-NIC" failures="0" tests="1" name="com.pmagy.testCases.LoginTest" time="18.187" errors="0" timestamp="2023-08-24T16:01:13 IST" skipped="0">
  <testcase classname="com.pmagy.testCases.LoginTest" name="Test" time="18.187"/>
</testsuite> <!-- com.pmagy.testCases.LoginTest -->
